[19:27:33][lexer.cpp:71]: File 'mod/Cold War Iron Curtain.mod' should be in utf8-bom encoding (will try to use it anyways)
[19:27:33][lexer.cpp:71]: File 'mod/ColdWarGunnar - Copy.mod' should be in utf8-bom encoding (will try to use it anyways)
[19:27:33][lexer.cpp:71]: File 'mod/ColdWarGunnar.mod' should be in utf8-bom encoding (will try to use it anyways)
[19:27:33][lexer.cpp:71]: File 'mod/Star Wars Imperium.mod' should be in utf8-bom encoding (will try to use it anyways)
[19:27:33][lexer.cpp:71]: File 'mod/coldwarironcurtain.mod' should be in utf8-bom encoding (will try to use it anyways)
[19:27:33][lexer.cpp:71]: File 'mod/econlawsmod.mod' should be in utf8-bom encoding (will try to use it anyways)
[19:27:33][lexer.cpp:71]: File 'mod/moderncrisis.mod' should be in utf8-bom encoding (will try to use it anyways)
[19:27:33][lexer.cpp:71]: File 'mod/tctemplate.mod' should be in utf8-bom encoding (will try to use it anyways)
[19:27:33][lexer.cpp:71]: File 'mod/Cold War Iron Curtain.mod' should be in utf8-bom encoding (will try to use it anyways)
[19:27:33][lexer.cpp:71]: File 'mod/ColdWarGunnar - Copy.mod' should be in utf8-bom encoding (will try to use it anyways)
[19:27:33][lexer.cpp:71]: File 'mod/ColdWarGunnar.mod' should be in utf8-bom encoding (will try to use it anyways)
[19:27:33][lexer.cpp:71]: File 'mod/Star Wars Imperium.mod' should be in utf8-bom encoding (will try to use it anyways)
[19:27:33][lexer.cpp:71]: File 'mod/coldwarironcurtain.mod' should be in utf8-bom encoding (will try to use it anyways)
[19:27:33][lexer.cpp:71]: File 'mod/econlawsmod.mod' should be in utf8-bom encoding (will try to use it anyways)
[19:27:33][lexer.cpp:71]: File 'mod/moderncrisis.mod' should be in utf8-bom encoding (will try to use it anyways)
[19:27:33][lexer.cpp:71]: File 'mod/tctemplate.mod' should be in utf8-bom encoding (will try to use it anyways)
[19:27:59][pdx_audio_sdl.cpp:942]: Sound with name 'uk_Idle_001' already added
[19:27:59][pdx_audio_sdl.cpp:942]: Sound with name 'uk_Idle_002' already added
[19:27:59][pdx_audio_sdl.cpp:942]: Sound with name 'uk_Idle_003' already added
[19:27:59][pdx_audio_sdl.cpp:942]: Sound with name 'uk_Idle_004' already added
[19:27:59][pdx_audio_sdl.cpp:942]: Sound with name 'uk_Idle_005' already added
[19:27:59][pdx_audio_sdl.cpp:942]: Sound with name 'uk_Idle_006' already added
[19:27:59][pdx_audio_sdl.cpp:942]: Sound with name 'uk_Idle_007' already added
[19:27:59][pdx_audio_sdl.cpp:942]: Sound with name 'uk_Idle_008' already added
[19:27:59][pdx_audio_sdl.cpp:942]: Sound with name 'uk_Idle_009' already added
[19:27:59][pdx_audio_sdl.cpp:942]: Sound with name 'uk_Idle_010' already added
[19:27:59][pdx_audio_sdl.cpp:942]: Sound with name 'uk_Idle_011' already added
[19:27:59][pdx_audio_sdl.cpp:942]: Sound with name 'uk_Idle_012' already added
[19:27:59][pdx_audio_sdl.cpp:942]: Sound with name 'uk_Idle_013' already added
[19:27:59][pdx_audio_sdl.cpp:942]: Sound with name 'uk_Idle_014' already added
[19:27:59][pdx_audio_sdl.cpp:942]: Sound with name 'uk_Idle_015' already added
[19:27:59][pdx_audio_sdl.cpp:942]: Sound with name 'uk_Idle_016' already added
[19:27:59][pdx_audio_sdl.cpp:942]: Sound with name 'uk_Idle_017' already added
[19:27:59][pdx_audio_sdl.cpp:942]: Sound with name 'uk_Idle_018' already added
[19:27:59][pdx_audio_sdl.cpp:942]: Sound with name 'uk_Idle_019' already added
[19:27:59][pdx_audio_sdl.cpp:942]: Sound with name 'uk_Idle_020' already added
[19:27:59][pdx_audio_sdl.cpp:942]: Sound with name 'uk_Idle_021' already added
[19:27:59][pdx_audio_sdl.cpp:942]: Sound with name 'uk_Idle_022' already added
[19:27:59][pdx_audio_sdl.cpp:942]: Sound with name 'uk_Idle_023' already added
[19:27:59][pdx_audio_sdl.cpp:942]: Sound with name 'uk_Idle_024' already added
[19:27:59][pdx_audio_sdl.cpp:942]: Sound with name 'uk_Idle_025' already added
[19:27:59][pdx_audio_sdl.cpp:942]: Sound with name 'uk_Idle_026' already added
[19:27:59][pdx_audio_sdl.cpp:942]: Sound with name 'uk_Idle_027' already added
[19:27:59][pdx_audio_sdl.cpp:942]: Sound with name 'uk_Neutral_001' already added
[19:27:59][pdx_audio_sdl.cpp:942]: Sound with name 'uk_Neutral_002' already added
[19:27:59][pdx_audio_sdl.cpp:942]: Sound with name 'uk_Neutral_003' already added
[19:27:59][pdx_audio_sdl.cpp:942]: Sound with name 'uk_Neutral_004' already added
[19:27:59][pdx_audio_sdl.cpp:942]: Sound with name 'uk_Neutral_005' already added
[19:27:59][pdx_audio_sdl.cpp:942]: Sound with name 'uk_Neutral_006' already added
[19:27:59][pdx_audio_sdl.cpp:942]: Sound with name 'uk_Neutral_007' already added
[19:27:59][pdx_audio_sdl.cpp:942]: Sound with name 'uk_Neutral_008' already added
[19:28:00][pdx_audio_sdl.cpp:942]: Sound with name 'uk_Neutral_009' already added
[19:28:00][pdx_audio_sdl.cpp:942]: Sound with name 'uk_Neutral_010' already added
[19:28:00][pdx_audio_sdl.cpp:942]: Sound with name 'uk_Neutral_011' already added
[19:28:00][pdx_audio_sdl.cpp:942]: Sound with name 'uk_Neutral_012' already added
[19:28:00][pdx_audio_sdl.cpp:942]: Sound with name 'uk_Neutral_013' already added
[19:28:00][pdx_audio_sdl.cpp:942]: Sound with name 'uk_Positive_001' already added
[19:28:00][pdx_audio_sdl.cpp:942]: Sound with name 'uk_Positive_002' already added
[19:28:00][pdx_audio_sdl.cpp:942]: Sound with name 'uk_Positive_003' already added
[19:28:00][pdx_audio_sdl.cpp:942]: Sound with name 'uk_Positive_004' already added
[19:28:00][pdx_audio_sdl.cpp:942]: Sound with name 'uk_Positive_005' already added
[19:28:00][pdx_audio_sdl.cpp:942]: Sound with name 'uk_Positive_006' already added
[19:28:00][pdx_audio_sdl.cpp:942]: Sound with name 'uk_Positive_007' already added
[19:28:00][pdx_audio_sdl.cpp:942]: Sound with name 'uk_Positive_008' already added
[19:28:00][pdx_audio_sdl.cpp:942]: Sound with name 'uk_Positive_009' already added
[19:28:00][pdx_audio_sdl.cpp:942]: Sound with name 'uk_Positive_010' already added
[19:28:00][pdx_audio_sdl.cpp:942]: Sound with name 'uk_Positive_011' already added
[19:28:00][pdx_audio_sdl.cpp:942]: Sound with name 'uk_Positive_012' already added
[19:28:00][pdx_audio_sdl.cpp:942]: Sound with name 'uk_Positive_013' already added
[19:28:00][pdx_audio_sdl.cpp:942]: Sound with name 'uk_Positive_014' already added
[19:28:00][pdx_audio_sdl.cpp:942]: Sound with name 'uk_Positive_015' already added
[19:28:00][pdx_audio_sdl.cpp:942]: Sound with name 'uk_Positive_016' already added
[19:28:00][pdx_audio_sdl.cpp:942]: Sound with name 'uk_Positive_017' already added
[19:28:00][pdx_audio_sdl.cpp:942]: Sound with name 'uk_Positive_018' already added
[19:28:00][pdx_audio_sdl.cpp:942]: Sound with name 'uk_Positive_019' already added
[19:28:00][pdx_audio_sdl.cpp:942]: Sound with name 'uk_Positive_020' already added
[19:28:00][pdx_audio_sdl.cpp:942]: Sound with name 'uk_Positive_021' already added
[19:28:00][pdx_audio_sdl.cpp:942]: Sound with name 'uk_Positive_022' already added
[19:28:00][pdx_audio_sdl.cpp:942]: Sound with name 'uk_Positive_023' already added
[19:28:00][pdx_audio_sdl.cpp:942]: Sound with name 'uk_Positive_024' already added
[19:28:00][pdx_audio_sdl.cpp:942]: Sound with name 'uk_Retreat_001' already added
[19:28:00][pdx_audio_sdl.cpp:942]: Sound with name 'uk_Retreat_002' already added
[19:28:00][pdx_audio_sdl.cpp:942]: Sound with name 'uk_Retreat_003' already added
[19:28:00][pdx_audio_sdl.cpp:942]: Sound with name 'uk_Retreat_004' already added
[19:28:00][pdx_audio_sdl.cpp:942]: Sound with name 'uk_Retreat_005' already added
[19:28:00][pdx_audio_sdl.cpp:942]: Sound with name 'uk_Retreat_006' already added
[19:28:00][pdx_audio_sdl.cpp:942]: Sound with name 'uk_Retreat_007' already added
[19:28:00][pdx_audio_sdl.cpp:942]: Sound with name 'uk_Retreat_008' already added
[19:28:00][pdx_audio_sdl.cpp:942]: Sound with name 'uk_Retreat_009' already added
[19:28:06][assetfactory_audio.cpp:497]: Could not find music file 'music/sov/CheekiBreeki.ogg' in  file: music/music.asset line: 259
[19:28:06][pdx_audio.cpp:954]: Sound effect with name 'ENG_infantry_idle' already added
[19:28:06][pdx_audio.cpp:954]: Sound effect with name 'ENG_infantry_neutral_combat' already added
[19:28:06][pdx_audio.cpp:954]: Sound effect with name 'ENG_infantry_positive_combat' already added
[19:28:06][pdx_audio.cpp:954]: Sound effect with name 'ENG_infantry_retreat' already added
[19:28:06][pdx_audio.cpp:954]: Sound effect with name 'ENG_infantry_move_out' already added
[19:28:06][pdx_audio.cpp:1093]: SoundEffect 'ENG_infantry_idle' already has category 'Battle', old category will be overwritten
[19:28:06][pdx_audio.cpp:1093]: SoundEffect 'ENG_infantry_neutral_combat' already has category 'Battle', old category will be overwritten
[19:28:06][pdx_audio.cpp:1093]: SoundEffect 'ENG_infantry_positive_combat' already has category 'Battle', old category will be overwritten
[19:28:06][pdx_audio.cpp:1093]: SoundEffect 'ENG_infantry_retreat' already has category 'Battle', old category will be overwritten
[19:28:06][pdx_audio.cpp:1093]: SoundEffect 'ENG_infantry_move_out' already has category 'Battle', old category will be overwritten
[19:28:41][texturehandler.cpp:163]: Texture Handler encountered missing texture file: gfx/interface/goals/GFX_punakaarti.dds
[19:28:41][texturehandler.cpp:303]: Couldn't find texture file: gfx/interface/goals/GFX_punakaarti.dds.
[19:29:03][pdx_particle.cpp:1535]: Particle name is not unique: 88aagun_attack_file
[19:29:03][pdx_particle.cpp:1535]: Particle name is not unique: building_damaged_file
[19:29:03][pdx_particle.cpp:1535]: Particle name is not unique: bunker_smoke_effect
[19:29:03][pdx_particle.cpp:1535]: Particle name is not unique: dustcloud_file
[19:29:03][pdx_particle.cpp:1535]: Particle name is not unique: factory_smoke_file
[19:29:03][pdx_particle.cpp:1535]: Particle name is not unique: lightning_storm_file
[19:29:03][pdx_particle.cpp:1535]: Particle name is not unique: lightning_storm_clouds_file
[19:29:03][pdx_particle.cpp:1535]: Particle name is not unique: lightning_storm_small_file
[19:29:03][pdx_particle.cpp:1535]: Particle name is not unique: lightning_storm_small_clouds_file
[19:29:03][pdx_particle.cpp:1535]: Particle name is not unique: nuke_file
[19:29:03][pdx_particle.cpp:1535]: Particle name is not unique: nuke_top_file
[19:29:03][pdx_particle.cpp:1535]: Particle name is not unique: rain_file
[19:29:03][pdx_particle.cpp:1535]: Particle name is not unique: rain_clouds_file
[19:29:03][pdx_particle.cpp:1535]: Particle name is not unique: rain_small_file
[19:29:03][pdx_particle.cpp:1535]: Particle name is not unique: rain_small_clouds_file
[19:29:03][pdx_particle.cpp:1535]: Particle name is not unique: sandstorm_file
[19:29:03][pdx_particle.cpp:1535]: Particle name is not unique: snow_file
[19:29:03][pdx_particle.cpp:1535]: Particle name is not unique: snow_clouds_file
[19:29:03][pdx_particle.cpp:1535]: Particle name is not unique: snow_small_file
[19:29:03][pdx_particle.cpp:1535]: Particle name is not unique: snow_small_clouds_file
[19:29:03][pdx_particle.cpp:1535]: Particle name is not unique: snow_storm_file
[19:29:03][pdx_particle.cpp:1535]: Particle name is not unique: snow_storm_clouds_file
[19:29:03][pdx_particle.cpp:1535]: Particle name is not unique: snow_storm_small_file
[19:29:03][pdx_particle.cpp:1535]: Particle name is not unique: snow_storm_small_clouds_file
[19:29:03][pdx_particle.cpp:1535]: Particle name is not unique: USA_rifle_cartridge_file
[19:29:03][pdx_particle.cpp:1535]: Particle name is not unique: artillery_cartridge_file
[19:29:03][pdx_particle.cpp:1535]: Particle name is not unique: artillery_ground_smoke_file
[19:29:03][pdx_particle.cpp:1535]: Particle name is not unique: artillery_tyre_tracks_file
[19:29:03][pdx_particle.cpp:1535]: Particle name is not unique: blood_file
[19:29:03][pdx_particle.cpp:1535]: Particle name is not unique: boot_dust_file
[19:29:03][pdx_particle.cpp:1535]: Particle name is not unique: cigarette_smoke_file
[19:29:03][pdx_particle.cpp:1535]: Particle name is not unique: lighter_fire_file
[19:29:03][pdx_particle.cpp:1535]: Particle name is not unique: mg_cartridge_file
[19:29:03][pdx_particle.cpp:1535]: Particle name is not unique: mg_muzzle_file
[19:29:03][pdx_particle.cpp:1535]: Particle name is not unique: mg_muzzle_smoke_file
[19:29:03][pdx_particle.cpp:1535]: Particle name is not unique: rifle_cartridge_file
[19:29:03][pdx_particle.cpp:1535]: Particle name is not unique: rifle_muzzle_file
[19:29:03][pdx_particle.cpp:1535]: Particle name is not unique: rocket_exhaust_effect
[19:29:03][pdx_particle.cpp:1535]: Particle name is not unique: rocket_launch_blast
[19:29:03][pdx_particle.cpp:1535]: Particle name is not unique: ship_carrier_airplane_death
[19:29:03][pdx_particle.cpp:1535]: Particle name is not unique: ship_idle
[19:29:03][pdx_particle.cpp:1535]: Particle name is not unique: GER_heavy_tank_attack_barrel_file
[19:29:03][pdx_particle.cpp:1535]: Particle name is not unique: GER_heavy_tank_moving_tracks_file
[19:29:03][pdx_particle.cpp:1535]: Particle name is not unique: bomb_file
[19:29:03][pdx_particle.cpp:1535]: Particle name is not unique: explosion_file
[19:29:03][pdx_particle.cpp:1535]: Particle name is not unique: heavy_tank_attack_barrel_file
[19:29:03][pdx_particle.cpp:1535]: Particle name is not unique: heavy_tank_attack_barrel_smoke_file
[19:29:03][pdx_particle.cpp:1535]: Particle name is not unique: light_tank_attack_barrel_file
[19:29:03][pdx_particle.cpp:1535]: Particle name is not unique: light_tank_attack_barrel_smoke_file
[19:29:03][pdx_particle.cpp:1535]: Particle name is not unique: mechanized_attack_barrel_file
[19:29:03][pdx_particle.cpp:1535]: Particle name is not unique: plane_mg_file
[19:29:03][pdx_particle.cpp:1535]: Particle name is not unique: plane_mg_muzzle_file
[19:29:03][pdx_particle.cpp:1535]: Particle name is not unique: ship_damaged_smoke_file
[19:29:03][pdx_particle.cpp:1535]: Particle name is not unique: ship_explosion_file
[19:29:03][pdx_particle.cpp:1535]: Particle name is not unique: ship_fire_file
[19:29:03][pdx_particle.cpp:1535]: Particle name is not unique: ship_fire_small_file
[19:29:03][pdx_particle.cpp:1535]: Particle name is not unique: ship_fire_water_file
[19:29:03][pdx_particle.cpp:1535]: Particle name is not unique: ship_fire_water_shockwave_file
[19:29:03][pdx_particle.cpp:1535]: Particle name is not unique: ship_hit_effect_big_file
[19:29:03][pdx_particle.cpp:1535]: Particle name is not unique: ship_hit_effect_small_file
[19:29:03][pdx_particle.cpp:1535]: Particle name is not unique: ship_moving_back_file
[19:29:03][pdx_particle.cpp:1535]: Particle name is not unique: ship_moving_back_fleet_file
[19:29:03][pdx_particle.cpp:1535]: Particle name is not unique: ship_moving_front_file
[19:29:03][pdx_particle.cpp:1535]: Particle name is not unique: ship_moving_front_fleet_file
[19:29:03][pdx_particle.cpp:1535]: Particle name is not unique: submarine_torpedo_file
[19:29:03][pdx_particle.cpp:1535]: Particle name is not unique: tank_exhaust_file
[19:29:03][pdx_particle.cpp:1535]: Particle name is not unique: tank_moving_tracks_file
[19:29:03][pdx_particle.cpp:1535]: Particle name is not unique: vehicle_explode_file
[19:29:03][pdx_particle.cpp:1535]: Particle name is not unique: water_impact_file
[19:29:03][pdx_particle.cpp:1535]: Particle name is not unique: water_impact_small_file
[19:29:14][pdxassetutil.cpp:1100]: Failed to find texture 'ak47_normal.dds'
[19:29:14][pdxassetutil.cpp:1100]: Failed to find texture 'ak47_spec.dds'
[19:29:27][pdx_entity.cpp:2206]: Couldn't find mesh "ak47_mesh" (or ak47_mesh is not of 'pdxmesh' type)
[19:29:30][idea.cpp:987]: Duplicate idea. ifa is a duplicate.
[19:29:36][persistent.cpp:36]: Error: "Malformed token: mbt_equipment_ERA_4, near line: 384
" in file: "common/units/equipment/tank_medium.txt" near line: 384
[19:29:37][map.cpp:900]: Error in map/adjacencies.csv: Adj between 13256 and 13287 is not adjacent with THROUGH = 2978
[19:29:37][map.cpp:900]: Error in map/adjacencies.csv: Adj between 13288 and 13287 is not adjacent with THROUGH = 2978
[19:29:39][technologytemplate.cpp:692]: Technology "tech_society_19" has more than 1 XOR, this is not a big problem but only the first will be shown in graphical representation of tech tree.
[19:29:39][technologytemplate.cpp:692]: Technology "tech_society_20" has more than 1 XOR, this is not a big problem but only the first will be shown in graphical representation of tech tree.
[19:29:39][technologytemplate.cpp:692]: Technology "tech_society_21" has more than 1 XOR, this is not a big problem but only the first will be shown in graphical representation of tech tree.
[19:29:39][technologytemplate.cpp:740]: Technology "tech_society_21" is primary mutual exclusive ( XOR ) with "tech_society_19", but "tech_society_19" does not specify "tech_society_21" as primary mutual exclusive.
[19:29:40][effect.cpp:162]: Error: "Invalid idea: famine, near line: 2485
" in file: "common/national_focus/Ethiopia_1950s.txt" near line: 2486
[19:29:40][effect.cpp:162]: Error: "Malformed token: absolute_monarch, near line: 2748
" in file: "common/national_focus/Ethiopia_1950s.txt" near line: 2749
[19:29:40][persistent.cpp:36]: Error: "Unexpected token: availible, near line: 2237
" in file: "common/national_focus/MLA_50s.txt" near line: 2239
[19:29:40][persistent.cpp:36]: Error: "Unexpected token: availible, near line: 2493
" in file: "common/national_focus/MLA_50s.txt" near line: 2495
[19:29:40][effect.cpp:162]: Error: "Invalid idea: yugoslavian_advisors, near line: 2951
" in file: "common/national_focus/MLA_50s.txt" near line: 2952
[19:29:43][countrytag.cpp:89]: KEN - is not in the tag list
[19:29:43][history.cpp:323]: Unknown history file in country database - history/countries/KEN - Kenya.txt
[19:29:43][countrytag.cpp:89]: MAN - is not in the tag list
[19:29:43][history.cpp:323]: Unknown history file in country database - history/countries/MAN - Manchukou.txt
[19:29:43][countrytag.cpp:89]: TAN - is not in the tag list
[19:29:43][history.cpp:323]: Unknown history file in country database - history/countries/TAN - Tannu Tuva.txt
[19:29:44][pdx_audio.cpp:1300]: Could not find music named COH2- March Into Hell
[19:29:44][pdx_audio.cpp:1300]: Could not find music named Cheeki Breeki
[19:29:45][idea.cpp:477]: Invalid trait
[19:29:45][idea.cpp:477]: Invalid trait
[19:29:45][idea.cpp:477]: Invalid trait
[19:29:45][idea.cpp:477]: Invalid trait
[19:29:45][idea.cpp:477]: Invalid trait
[19:29:45][idea.cpp:477]: Invalid trait
[19:29:45][idea.cpp:477]: Invalid trait
[19:29:45][idea.cpp:477]: Invalid trait
[19:29:45][idea.cpp:477]: Invalid trait
[19:29:45][idea.cpp:477]: Invalid trait
[19:29:45][idea.cpp:477]: Invalid trait
[19:29:49][persistent.cpp:36]: Error: "Unexpected token: remove_ideas, near line: 263
" in file: "events/resourceboost.txt" near line: 263
[19:29:49][persistent.cpp:36]: Error: "Unexpected token: remove_ideas, near line: 280
" in file: "events/resourceboost.txt" near line: 280
[19:30:02][flagtextureatlas.cpp:460]: Error loading flag for country ADR : Ideology conservative : Path gfx/flags/ : Unsupported format. Expected 32bpp, uncompressed, no color palette
[19:30:04][flagtextureatlas.cpp:460]: Error loading flag for country ADR : Ideology conservative : Path gfx/flags/medium/ : Unsupported format. Expected 32bpp, uncompressed, no color palette
[19:30:05][flagtextureatlas.cpp:460]: Error loading flag for country ADR : Ideology conservative : Path gfx/flags/small/ : Unsupported format. Expected 32bpp, uncompressed, no color palette
[19:30:05][flagtextureatlas.cpp:460]: Error loading flag for country ADR : Ideology conservative : Path gfx/flags/small/ : Unsupported format. Expected 32bpp, uncompressed, no color palette
[19:30:11][history.cpp:323]: Unknown history file in country database - history/countries/KEN - Kenya.txt
[19:30:11][history.cpp:323]: Unknown history file in country database - history/countries/MAN - Manchukou.txt
[19:30:12][history.cpp:323]: Unknown history file in country database - history/countries/TAN - Tannu Tuva.txt
[19:30:12][country.cpp:3088]: Attempting to set captial state #842 for , they dont own it!
[19:30:23][mapbuildings.cpp:488]: map/buildings.txt port building has invalid sea zone for province 7125
[19:31:14][flagtextureatlas.cpp:460]: Error loading flag for country ADR : Ideology communism : Path gfx/flags/medium/ : Unsupported format. Expected 32bpp, uncompressed, no color palette
[19:31:18][flagtextureatlas.cpp:460]: Error loading flag for country ADR : Ideology communism : Path gfx/flags/small/ : Unsupported format. Expected 32bpp, uncompressed, no color palette
[19:31:19][flagtextureatlas.cpp:460]: Error loading flag for country ADR : Ideology communism : Path gfx/flags/small/ : Unsupported format. Expected 32bpp, uncompressed, no color palette
